<?xml version="1.0" encoding="UTF-8"?>
<!-- Generated by org.testng.reporters.JUnitReportReporter -->
<testsuite hostname="DESKTOP-E343KPS" failures="0" tests="1" name="tests.amazonTest.AmazonTest" time="29.869" errors="0" timestamp="17 Mar 2018 06:28:16 GMT">
  <testcase classname="tests.amazonTest.AmazonTest" name="groupSetup" time="29.869"/>
</testsuite> <!-- tests.amazonTest.AmazonTest -->
